============================================================
  Generated by:           Genus(TM) Synthesis Solution 21.10-p002_1
  Generated on:           Jun 29 2026  10:43:29 pm
  Module:                 lowp6
  Technology library:     tsmc18 1.0
  Operating conditions:   fast (balanced_tree)
  Wireload mode:          enclosed
  Area mode:              timing library
============================================================

                                  
   Gate    Instances     Area      Library  
--------------------------------------------
ADDFX1             5      349.272    tsmc18 
ADDFX2             1       69.854    tsmc18 
AOI22X1            2       33.264    tsmc18 
CMPR32X1           4      279.418    tsmc18 
CMPR42X1          26     2940.538    tsmc18 
DFFTRX1        28682  1621932.710    tsmc18 
DFFTRXL           28     1583.366    tsmc18 
INVX1              1        6.653    tsmc18 
INVX16            14      791.683    tsmc18 
NAND2X1            1        9.979    tsmc18 
OAI21XL            1       13.306    tsmc18 
OAI2BB1X1          1       16.632    tsmc18 
OAI2BB2X1          2       46.570    tsmc18 
OAI2BB2XL          2       46.570    tsmc18 
XNOR2X1            1       26.611    tsmc18 
--------------------------------------------
total          28771  1628146.426           


                                            
     Type      Instances     Area    Area % 
--------------------------------------------
sequential         28710 1623516.077   99.7 
inverter              15     798.336    0.0 
logic                 46    3832.013    0.2 
physical_cells         0       0.000    0.0 
--------------------------------------------
total              28771 1628146.426  100.0 

