============================================================
  Generated by:           Genus(TM) Synthesis Solution 21.10-p002_1
  Generated on:           Jun 29 2026  10:43:29 pm
  Module:                 lowp6
  Operating conditions:   fast (balanced_tree)
  Wireload mode:          enclosed
  Area mode:              timing library
============================================================


Path 1: MET (14387 ps) Setup Check with Pin signal_out_reg[27]/CK->D
          Group: clk
     Startpoint: (F) signal_in[0]
          Clock: (R) clk
       Endpoint: (F) signal_out_reg[27]/D
          Clock: (R) clk

                     Capture       Launch     
        Clock Edge:+   20000            0     
        Drv Adjust:+       0            0     
       Src Latency:+       0            0     
       Net Latency:+       0 (I)        0 (I) 
           Arrival:=   20000            0     
                                              
             Setup:-     158                  
     Required Time:=   19842                  
      Launch Clock:-       0                  
       Input Delay:-    1000                  
         Data Path:-    4456                  
             Slack:=   14387                  

Exceptions/Constraints:
  input_delay             1000            in_del_28_1 

#-------------------------------------------------------------------------------------------------------------------
#              Timing Point                Flags    Arc    Edge   Cell     Fanout Load Trans Delay Arrival Instance 
#                                                                                 (fF)  (ps)  (ps)   (ps)  Location 
#-------------------------------------------------------------------------------------------------------------------
  signal_in[0]                             -       -       F     (arrival)      2  9.4     0     0    1000    (-,-) 
  csa_tree_SUB_TC_OP_groupi_g1927__1617/CO -       CI->CO  F     ADDFX1         1  6.5    68   114    1114    (-,-) 
  csa_tree_SUB_TC_OP_groupi_g1900__2802/CO -       CI->CO  F     ADDFX1         1  2.8    57   118    1232    (-,-) 
  g30206/CO                                -       ICI->CO F     CMPR42X1       1  2.8    49   120    1352    (-,-) 
  g30205/CO                                -       ICI->CO F     CMPR42X1       1  2.8    49   118    1470    (-,-) 
  g30204/CO                                -       ICI->CO F     CMPR42X1       1  2.8    49   118    1588    (-,-) 
  g30203/CO                                -       ICI->CO F     CMPR42X1       1  2.8    49   118    1706    (-,-) 
  g30202/CO                                -       ICI->CO F     CMPR42X1       1  2.8    49   118    1824    (-,-) 
  g30201/CO                                -       ICI->CO F     CMPR42X1       1  2.8    49   118    1942    (-,-) 
  g30200/CO                                -       ICI->CO F     CMPR42X1       1  2.8    49   118    2060    (-,-) 
  g30199/CO                                -       ICI->CO F     CMPR42X1       1  2.8    49   118    2178    (-,-) 
  g30198/CO                                -       ICI->CO F     CMPR42X1       1  2.8    49   118    2296    (-,-) 
  g30197/CO                                -       ICI->CO F     CMPR42X1       1  2.8    49   118    2414    (-,-) 
  g30196/CO                                -       ICI->CO F     CMPR42X1       1  2.8    49   118    2532    (-,-) 
  g30195/CO                                -       ICI->CO F     CMPR42X1       1  2.8    49   118    2650    (-,-) 
  g30194/CO                                -       ICI->CO F     CMPR42X1       1  2.8    49   118    2768    (-,-) 
  g30193/CO                                -       ICI->CO F     CMPR42X1       1  2.8    49   118    2886    (-,-) 
  g30192/CO                                -       ICI->CO F     CMPR42X1       1  2.8    49   118    3004    (-,-) 
  g30191/CO                                -       ICI->CO F     CMPR42X1       1  2.8    49   118    3122    (-,-) 
  g30190/CO                                -       ICI->CO F     CMPR42X1       1  2.8    49   118    3240    (-,-) 
  g30189/CO                                -       ICI->CO F     CMPR42X1       1  2.8    49   118    3358    (-,-) 
  g30188/CO                                -       ICI->CO F     CMPR42X1       1  2.8    49   118    3476    (-,-) 
  g30187/CO                                -       ICI->CO F     CMPR42X1       1  2.8    49   118    3594    (-,-) 
  g30186/CO                                -       ICI->CO F     CMPR42X1       1  2.8    49   118    3712    (-,-) 
  g30185/CO                                -       ICI->CO F     CMPR42X1       1  2.8    49   118    3830    (-,-) 
  g30184/CO                                -       ICI->CO F     CMPR42X1       1  2.8    49   118    3948    (-,-) 
  g30183/CO                                -       ICI->CO F     CMPR42X1       1  2.8    49   118    4066    (-,-) 
  g30182/CO                                -       ICI->CO F     CMPR42X1       1  2.8    49   118    4184    (-,-) 
  g2/CO                                    -       ICI->CO F     CMPR42X1       1  6.5    62   130    4314    (-,-) 
  csa_tree_SUB_TC_OP_groupi_g1873__1705/CO -       CI->CO  F     ADDFX1         1  6.5    68   128    4442    (-,-) 
  csa_tree_SUB_TC_OP_groupi_g1872__2802/CO -       CI->CO  F     ADDFX1         1  6.5    68   130    4572    (-,-) 
  csa_tree_SUB_TC_OP_groupi_g1871__1617/CO -       CI->CO  F     ADDFX1         1  6.5    68   130    4702    (-,-) 
  csa_tree_SUB_TC_OP_groupi_g1870__3680/CO -       C->CO   F     CMPR32X1       1  6.5    68   130    4832    (-,-) 
  csa_tree_SUB_TC_OP_groupi_g1869__6783/CO -       C->CO   F     CMPR32X1       1  6.5    68   130    4962    (-,-) 
  csa_tree_SUB_TC_OP_groupi_g1868__5526/CO -       C->CO   F     CMPR32X1       1  6.5    68   130    5091    (-,-) 
  csa_tree_SUB_TC_OP_groupi_g1867__8428/CO -       C->CO   F     CMPR32X1       1  6.5    68   130    5221    (-,-) 
  csa_tree_SUB_TC_OP_groupi_g1866__4319/CO -       CI->CO  F     ADDFX2         3 10.8    76   141    5363    (-,-) 
  csa_tree_SUB_TC_OP_groupi_g1864__5107/Y  -       A0->Y   R     AOI22X1        2  6.0   104    63    5425    (-,-) 
  csa_tree_SUB_TC_OP_groupi_g1863__2398/Y  -       B0->Y   F     OAI2BB2XL      1  2.3    53    30    5456    (-,-) 
  signal_out_reg[27]/D                     <<<     -       F     DFFTRX1        1    -     -     0    5456    (-,-) 
#-------------------------------------------------------------------------------------------------------------------

