xrun(64): 24.09-s001: (c) Copyright 1995-2024 Cadence Design Systems, Inc.
TOOL:	xrun(64)	24.09-s001: Started on Jun 29, 2026 at 21:39:37 -03
xrun
	-64bit
	-sv
	../rtl/lowp6.sv
	../tb/tb_filtro.sv
	-access +rwc
Recompiling... reason: file '../tb/tb_filtro.sv' is newer than expected.
	expected: Mon Jun 29 21:28:10 2026
	actual:   Mon Jun 29 21:39:25 2026
file: ../tb/tb_filtro.sv
	module worklib.tb_filtro:sv
		errors: 0, warnings: 0
		Caching library 'worklib' ....... Done
	Elaborating the design hierarchy:
	Top level design units:
		tb_filtro
	Building instance overlay tables: .................... Done
	Generating native compiled code:
		worklib.tb_filtro:sv <0x09f2e2ca>
			streams:   7, words:  7840
	Building instance specific data structures.
	Loading native compiled code:     .................... Done
	Design hierarchy summary:
		                   Instances  Unique
		Modules:                   2       2
		Registers:                15      15
		Scalar wires:              3       -
		Vectored wires:            4       -
		Always blocks:         1,026       4
		Initial blocks:            1       1
		Cont. assignments:         1       1
		Pseudo assignments:        5       -
		Sparse arrays:             1       -
		Process Clocks:        1,024       1
		Simulation timescale:    1ps
	Writing initial simulation snapshot: worklib.tb_filtro:sv
Loading snapshot worklib.tb_filtro:sv .................... Done
xcelium> source /home/tools/cadence/installs/XCELIUM2209/tools/xcelium/files/xmsimrc
xcelium> run
Fim do arquivo alcancado na linha 1000!
Simulacao Concluida! Arquivos output.txt e time.txt gerados com sucesso.
Simulation stopped via $stop(1) at time 20100 NS + 0
../tb/tb_filtro.sv:83         $stop; // Pausa a simulação
xcelium> exit
TOOL:	xrun(64)	24.09-s001: Exiting on Jun 29, 2026 at 21:44:45 -03  (total: 00:05:08)
