============================================================
  Generated by:           Genus(TM) Synthesis Solution 21.10-p002_1
  Generated on:           Jun 30 2026  10:49:25 pm
  Module:                 lowp6
  Operating conditions:   typical (balanced_tree)
  Wireload mode:          enclosed
  Area mode:              timing library
============================================================


Path 1: MET (16855 ps) Setup Check with Pin signal_out_reg[15]/CLK->D
          Group: clk
     Startpoint: (F) signal_in[0]
          Clock: (R) clk
       Endpoint: (F) signal_out_reg[15]/D
          Clock: (R) clk

                     Capture       Launch     
        Clock Edge:+   20000            0     
        Drv Adjust:+       0            0     
       Src Latency:+       0            0     
       Net Latency:+       0 (I)        0 (I) 
           Arrival:=   20000            0     
                                              
             Setup:-      56                  
     Required Time:=   19944                  
      Launch Clock:-       0                  
       Input Delay:-    1000                  
         Data Path:-    2089                  
             Slack:=   16855                  

Exceptions/Constraints:
  input_delay             1000            in_del_16_1 

#-----------------------------------------------------------------------------------------------------------
#           Timing Point             Flags   Arc   Edge   Cell     Fanout Load Trans Delay Arrival Instance 
#                                                                         (fF)  (ps)  (ps)   (ps)  Location 
#-----------------------------------------------------------------------------------------------------------
  signal_in[0]                       -       -     F     (arrival)      2  9.0     0     0    1000    (-,-) 
  csa_tree_SUB_TC_OP_groupi_g1067/YC -       C->YC F     FAX1           1  7.1    29    77    1077    (-,-) 
  csa_tree_SUB_TC_OP_groupi_g1066/YC -       C->YC F     FAX1           1  7.1    29    82    1158    (-,-) 
  csa_tree_SUB_TC_OP_groupi_g1065/YC -       C->YC F     FAX1           1  7.1    29    82    1240    (-,-) 
  csa_tree_SUB_TC_OP_groupi_g1064/YC -       C->YC F     FAX1           1  7.1    29    82    1321    (-,-) 
  csa_tree_SUB_TC_OP_groupi_g1063/YC -       C->YC F     FAX1           1  7.1    29    82    1403    (-,-) 
  csa_tree_SUB_TC_OP_groupi_g1062/YC -       C->YC F     FAX1           1  7.1    29    82    1485    (-,-) 
  csa_tree_SUB_TC_OP_groupi_g1061/YC -       C->YC F     FAX1           1  7.1    29    82    1566    (-,-) 
  csa_tree_SUB_TC_OP_groupi_g1060/YC -       C->YC F     FAX1           1  7.1    29    82    1648    (-,-) 
  csa_tree_SUB_TC_OP_groupi_g1059/YC -       C->YC F     FAX1           1  7.1    29    82    1729    (-,-) 
  csa_tree_SUB_TC_OP_groupi_g1058/YC -       C->YC F     FAX1           1  7.1    29    82    1811    (-,-) 
  csa_tree_SUB_TC_OP_groupi_g1057/YC -       C->YC F     FAX1           1  7.1    29    82    1893    (-,-) 
  csa_tree_SUB_TC_OP_groupi_g1056/YC -       C->YC F     FAX1           1  7.1    29    82    1974    (-,-) 
  csa_tree_SUB_TC_OP_groupi_g1055/YC -       C->YC F     FAX1           1  7.1    29    82    2056    (-,-) 
  csa_tree_SUB_TC_OP_groupi_g1054/YC -       C->YC F     FAX1           1  7.1    29    82    2137    (-,-) 
  csa_tree_SUB_TC_OP_groupi_g1053/YC -       C->YC F     FAX1           1  7.1    29    82    2219    (-,-) 
  csa_tree_SUB_TC_OP_groupi_g1052/YC -       C->YC F     FAX1           1  7.1    29    82    2301    (-,-) 
  csa_tree_SUB_TC_OP_groupi_g1051/YC -       C->YC F     FAX1           1  7.1    29    82    2382    (-,-) 
  csa_tree_SUB_TC_OP_groupi_g1050/YC -       C->YC F     FAX1           1  7.1    29    82    2464    (-,-) 
  csa_tree_SUB_TC_OP_groupi_g1049/YC -       C->YC F     FAX1           1  7.1    29    82    2545    (-,-) 
  csa_tree_SUB_TC_OP_groupi_g1048/YC -       C->YC F     FAX1           1  7.1    29    82    2627    (-,-) 
  csa_tree_SUB_TC_OP_groupi_g1047/YC -       C->YC F     FAX1           1  7.1    29    82    2709    (-,-) 
  csa_tree_SUB_TC_OP_groupi_g1046/YC -       C->YC F     FAX1           1  7.1    29    82    2790    (-,-) 
  csa_tree_SUB_TC_OP_groupi_g1045/YC -       C->YC F     FAX1           1  7.1    29    82    2872    (-,-) 
  csa_tree_SUB_TC_OP_groupi_g1044/YC -       C->YC F     FAX1           1  7.1    29    82    2953    (-,-) 
  csa_tree_SUB_TC_OP_groupi_g1043/YC -       C->YC F     FAX1           1  4.6    22    76    3030    (-,-) 
  csa_tree_SUB_TC_OP_groupi_g1042/Y  -       A->Y  F     XNOR2X1        1  1.9    17    28    3058    (-,-) 
  g1075/Y                            -       A->Y  F     AND2X1         1  1.3     6    31    3089    (-,-) 
  signal_out_reg[15]/D               <<<     -     F     DFFPOSX1       1    -     -     0    3089    (-,-) 
#-----------------------------------------------------------------------------------------------------------

