============================================================
  Generated by:           Genus(TM) Synthesis Solution 21.10-p002_1
  Generated on:           Jun 30 2026  10:49:25 pm
  Module:                 lowp6
  Technology libraries:   gscl45nm 
                          gscl45nm 
  Operating conditions:   typical (balanced_tree)
  Wireload mode:          enclosed
  Area mode:              timing library
============================================================

                                
  Gate    Instances     Area      Library   
--------------------------------------------
AND2X1        16410   38506.065    gscl45nm 
DFFPOSX1      16410  130920.621    gscl45nm 
FAX1             40     356.668    gscl45nm 
INVX1            85     119.671    gscl45nm 
INVX8            16      52.562    gscl45nm 
MUX2X1            1       3.754    gscl45nm 
XNOR2X1           1       4.693    gscl45nm 
--------------------------------------------
total         32963  169964.035             


                                           
     Type      Instances    Area    Area % 
-------------------------------------------
sequential         16410 130920.621   77.0 
inverter             101    172.233    0.1 
logic              16452  38871.180   22.9 
physical_cells         0      0.000    0.0 
-------------------------------------------
total              32963 169964.035  100.0 

